<?xml version="1.0" encoding="UTF-8"?>
<!-- Generated by org.testng.reporters.JUnitReportReporter -->
<testsuite hostname="ADMIN" failures="0" tests="1" name="test.forgotPassword" time="15.320" errors="0" timestamp="2022-07-17T11:50:53 IST" skipped="0">
  <testcase classname="test.forgotPassword" name="forgettest" time="15.320"/>
  <system-out/>
</testsuite> <!-- test.forgotPassword -->
